[debug] [2021-07-11T15:25:45.159Z] ----------------------------------------------------------------------
[debug] [2021-07-11T15:25:45.163Z] Command:       /usr/local/bin/firebase /Users/jeremysison/.cache/firebase/tools/lib/node_modules/firebase-tools/lib/bin/firebase deploy
[debug] [2021-07-11T15:25:45.163Z] CLI Version:   9.16.0
[debug] [2021-07-11T15:25:45.163Z] Platform:      darwin
[debug] [2021-07-11T15:25:45.164Z] Node Version:  v12.18.1
[debug] [2021-07-11T15:25:45.169Z] Time:          Sun Jul 11 2021 23:25:45 GMT+0800 (Singapore Standard Time)
[debug] [2021-07-11T15:25:45.169Z] ----------------------------------------------------------------------
[debug] 
[debug] [2021-07-11T15:25:45.257Z] > command requires scopes: ["email","openid","https://www.googleapis.com/auth/cloudplatformprojects.readonly","https://www.googleapis.com/auth/firebase","https://www.googleapis.com/auth/cloud-platform"]
[debug] [2021-07-11T15:25:45.258Z] > authorizing via signed-in user (jeremycsison@gmail.com)
[debug] [2021-07-11T15:25:45.258Z] [iam] checking project todo-620fd for permissions ["firebase.projects.get","firebasehosting.sites.update"]
[debug] [2021-07-11T15:25:45.262Z] > refreshing access token with scopes: ["email","https://www.googleapis.com/auth/cloud-platform","https://www.googleapis.com/auth/cloudplatformprojects.readonly","https://www.googleapis.com/auth/firebase","openid"]
[debug] [2021-07-11T15:25:45.262Z] >>> HTTP REQUEST POST https://www.googleapis.com/oauth2/v3/token  
 <request body omitted>
[debug] [2021-07-11T15:25:45.383Z] <<< HTTP RESPONSE 200 {"cache-control":"no-cache, no-store, max-age=0, must-revalidate","expires":"Mon, 01 Jan 1990 00:00:00 GMT","date":"Sun, 11 Jul 2021 15:25:45 GMT","pragma":"no-cache","content-type":"application/json; charset=utf-8","vary":"X-Origin, Referer, Origin,Accept-Encoding","server":"scaffolding on HTTPServer2","x-xss-protection":"0","x-frame-options":"SAMEORIGIN","x-content-type-options":"nosniff","alt-svc":"h3=\":443\"; ma=2592000,h3-29=\":443\"; ma=2592000,h3-T051=\":443\"; ma=2592000,h3-Q050=\":443\"; ma=2592000,h3-Q046=\":443\"; ma=2592000,h3-Q043=\":443\"; ma=2592000,quic=\":443\"; ma=2592000; v=\"46,43\"","accept-ranges":"none","transfer-encoding":"chunked"}
[debug] [2021-07-11T15:25:45.412Z] >>> HTTP REQUEST POST https://cloudresourcemanager.googleapis.com/v1/projects/todo-620fd:testIamPermissions  
 {"permissions":["firebase.projects.get","firebasehosting.sites.update"]}
[debug] [2021-07-11T15:25:46.478Z] <<< HTTP RESPONSE 200 {"content-type":"application/json; charset=UTF-8","vary":"X-Origin, Referer, Origin,Accept-Encoding","date":"Sun, 11 Jul 2021 15:25:46 GMT","server":"ESF","cache-control":"private","x-xss-protection":"0","x-frame-options":"SAMEORIGIN","x-content-type-options":"nosniff","server-timing":"gfet4t7; dur=956","alt-svc":"h3=\":443\"; ma=2592000,h3-29=\":443\"; ma=2592000,h3-T051=\":443\"; ma=2592000,h3-Q050=\":443\"; ma=2592000,h3-Q046=\":443\"; ma=2592000,h3-Q043=\":443\"; ma=2592000,quic=\":443\"; ma=2592000; v=\"46,43\"","accept-ranges":"none","transfer-encoding":"chunked"}
[debug] [2021-07-11T15:25:46.479Z] > refreshing access token with scopes: []
[debug] [2021-07-11T15:25:46.479Z] >>> HTTP REQUEST POST https://www.googleapis.com/oauth2/v3/token  
 <request body omitted>
[debug] [2021-07-11T15:25:46.636Z] <<< HTTP RESPONSE 200 {"pragma":"no-cache","expires":"Mon, 01 Jan 1990 00:00:00 GMT","date":"Sun, 11 Jul 2021 15:25:46 GMT","cache-control":"no-cache, no-store, max-age=0, must-revalidate","content-type":"application/json; charset=utf-8","vary":"X-Origin, Referer, Origin,Accept-Encoding","server":"scaffolding on HTTPServer2","x-xss-protection":"0","x-frame-options":"SAMEORIGIN","x-content-type-options":"nosniff","alt-svc":"h3=\":443\"; ma=2592000,h3-29=\":443\"; ma=2592000,h3-T051=\":443\"; ma=2592000,h3-Q050=\":443\"; ma=2592000,h3-Q046=\":443\"; ma=2592000,h3-Q043=\":443\"; ma=2592000,quic=\":443\"; ma=2592000; v=\"46,43\"","accept-ranges":"none","transfer-encoding":"chunked"}
[debug] [2021-07-11T15:25:46.674Z] >>> [apiv2][query] GET https://firebase.googleapis.com/v1beta1/projects/todo-620fd [none]
[debug] [2021-07-11T15:25:47.003Z] <<< [apiv2][status] GET https://firebase.googleapis.com/v1beta1/projects/todo-620fd 200
[debug] [2021-07-11T15:25:47.005Z] <<< [apiv2][body] GET https://firebase.googleapis.com/v1beta1/projects/todo-620fd {"projectId":"todo-620fd","projectNumber":"819154380180","displayName":"ToDo","name":"projects/todo-620fd","resources":{"hostingSite":"todo-620fd"},"state":"ACTIVE"}
[info] 
[info] === Deploying to 'todo-620fd'...
[info] 
[info] i  deploying hosting 
[debug] [2021-07-11T15:25:47.014Z] > refreshing access token with scopes: ["email","https://www.googleapis.com/auth/cloud-platform","https://www.googleapis.com/auth/cloudplatformprojects.readonly","https://www.googleapis.com/auth/firebase","openid"]
[debug] [2021-07-11T15:25:47.014Z] >>> HTTP REQUEST POST https://www.googleapis.com/oauth2/v3/token  
 <request body omitted>
[debug] [2021-07-11T15:25:47.131Z] <<< HTTP RESPONSE 200 {"expires":"Mon, 01 Jan 1990 00:00:00 GMT","pragma":"no-cache","cache-control":"no-cache, no-store, max-age=0, must-revalidate","date":"Sun, 11 Jul 2021 15:25:47 GMT","content-type":"application/json; charset=utf-8","vary":"X-Origin, Referer, Origin,Accept-Encoding","server":"scaffolding on HTTPServer2","x-xss-protection":"0","x-frame-options":"SAMEORIGIN","x-content-type-options":"nosniff","alt-svc":"h3=\":443\"; ma=2592000,h3-29=\":443\"; ma=2592000,h3-T051=\":443\"; ma=2592000,h3-Q050=\":443\"; ma=2592000,h3-Q046=\":443\"; ma=2592000,h3-Q043=\":443\"; ma=2592000,quic=\":443\"; ma=2592000; v=\"46,43\"","accept-ranges":"none","transfer-encoding":"chunked"}
[debug] [2021-07-11T15:25:47.163Z] >>> HTTP REQUEST POST https://firebasehosting.googleapis.com/v1beta1/sites/todo-620fd/versions  
 {"config":{"rewrites":[{"glob":"**","path":"/index.html"}]},"labels":{"deployment-tool":"cli-firebase"}}
[debug] [2021-07-11T15:25:48.730Z] <<< HTTP RESPONSE 200 {"content-type":"application/json; charset=UTF-8","vary":"X-Origin, Referer, Origin,Accept-Encoding","date":"Sun, 11 Jul 2021 15:25:48 GMT","server":"ESF","cache-control":"private","x-xss-protection":"0","x-frame-options":"SAMEORIGIN","x-content-type-options":"nosniff","alt-svc":"h3=\":443\"; ma=2592000,h3-29=\":443\"; ma=2592000,h3-T051=\":443\"; ma=2592000,h3-Q050=\":443\"; ma=2592000,h3-Q046=\":443\"; ma=2592000,h3-Q043=\":443\"; ma=2592000,quic=\":443\"; ma=2592000; v=\"46,43\"","accept-ranges":"none","transfer-encoding":"chunked"}
[info] i  hosting[todo-620fd]: beginning deploy... 
[info] i  hosting[todo-620fd]: found 56 files in dist 
[debug] [2021-07-11T15:25:50.199Z] > refreshing access token with scopes: []
[debug] [2021-07-11T15:25:50.199Z] >>> HTTP REQUEST POST https://www.googleapis.com/oauth2/v3/token  
 <request body omitted>
[debug] [2021-07-11T15:25:50.201Z] [hosting] hash cache [ZGlzdA] stored for 56 files
[debug] [2021-07-11T15:25:50.201Z] [hosting][hash queue][FINAL] {"max":1438,"min":65,"avg":142.4642857142857,"active":0,"complete":56,"success":56,"errored":0,"retried":0,"total":56,"elapsed":1452}
[debug] [2021-07-11T15:25:50.321Z] <<< HTTP RESPONSE 200 {"date":"Sun, 11 Jul 2021 15:25:50 GMT","cache-control":"no-cache, no-store, max-age=0, must-revalidate","pragma":"no-cache","expires":"Mon, 01 Jan 1990 00:00:00 GMT","content-type":"application/json; charset=utf-8","vary":"X-Origin, Referer, Origin,Accept-Encoding","server":"scaffolding on HTTPServer2","x-xss-protection":"0","x-frame-options":"SAMEORIGIN","x-content-type-options":"nosniff","alt-svc":"h3=\":443\"; ma=2592000,h3-29=\":443\"; ma=2592000,h3-T051=\":443\"; ma=2592000,h3-Q050=\":443\"; ma=2592000,h3-Q046=\":443\"; ma=2592000,h3-Q043=\":443\"; ma=2592000,quic=\":443\"; ma=2592000; v=\"46,43\"","accept-ranges":"none","transfer-encoding":"chunked"}
[debug] [2021-07-11T15:25:50.351Z] >>> [apiv2][query] POST https://firebasehosting.googleapis.com/v1beta1/sites/todo-620fd/versions/57d9c8d6b1d4a16d:populateFiles [none]
[debug] [2021-07-11T15:25:50.352Z] >>> [apiv2][body] POST https://firebasehosting.googleapis.com/v1beta1/sites/todo-620fd/versions/57d9c8d6b1d4a16d:populateFiles {"files":{"/ctl-favicon.png":"f96ab1802a45070d7f962e9bcbde07b704be23abe35d9cdc5180d255472554c6","/favicon.ico":"1e71457865f706dc865b49a54a86e193818220d290b30226b6630a42faf1535d","/index.html":"05106ee2df90f511e2d1de176f27300e683073dcf84a1d01b0d740c0563460bc","/css/chunk-7cc20ea8.a0a0d0e4.css":"6eecbad09a2e0c356776b0eb45fc8df876c3adf928df9f4a62bc003f954a7c13","/css/chunk-51bdec5c.cfb51d53.css":"55f3c2a61bedaf61b1290a5ad741127c2fb5705729b420b1a362e61da90c8a1b","/css/chunk-bcd546e4.355388d5.css":"b00fc006c9ce5823961576a5638c82cb45b3eea9aed0cd486e26fcce072cb42f","/css/chunk-ed3249be.9db782b4.css":"2ac361a5a8f3a47269d48d37dd498682da37b69cf01a4749647e668810b8b092","/css/chunk-966a23ee.3021958d.css":"e9072e84388d7beb1d68bd7f38dae7e8b25afb8ad011bb576a1f49764940a81a","/fonts/dxicons.4519aea3.woff2":"e759d169fab9b00db9ffdf56d9dfb9762e4e0a7be0395ff8be22e339a781a9e3","/fonts/dxicons.fd4164a9.woff":"07260ce09e513b330aaaba4145af05b74be9889f8f33eaf3180d965e364be8c5","/fonts/dxicons.f1829bb1.ttf":"f52f176891942e17534e79d021bf89ee5d2533d88fe0541ee332cf33634fa6c1","/fonts/fa-regular-400.4758ad60.woff2":"a6a75a0a94cca0b4ed485a3ecc76d4500f8ff87617a0b5334034db8c611fb45f","/fonts/fa-regular-400.da900afa.woff":"b2a8afaaa90cfb949dee4d87c87c5df25c0de2bd3cb671d88783813fb0c3c5ca","/fonts/fa-regular-400.190faaa2.eot":"cd705aa969af50f1c4449d13b0f795634fde178c972216951b10fe3ab97610b9","/js/app.02be7b39.js":"26dc8526783398aab6c0683781c0cd6dcca8e5d4e09b6d3eda7cb4cf3286864f","/js/chunk-2d0e1b35.aaa41aea.js":"f48622a69d0307a664d3f8674d176caa408340febbbc5eec0239190afbc2461e","/js/chunk-2d0e1b35.aaa41aea.js.map":"0d8367453727fa1e22d185bb713e551793aabd45e72b9053454cbbc9d5af7dbe","/js/chunk-51bdec5c.f460eae0.js":"89938e891ccee483f57a5c0c214355a58f6d35055019f3f881f1f566c315ade9","/js/app.02be7b39.js.map":"7134487d4e755d9fa10c7bcb348f3f0213b24a40469a5281e9dbc6fad77b2bb1","/js/chunk-7cc20ea8.b83d63c2.js":"76e419fee9350ed628b1951dab2ec227781d13bee7263fce9563686de07072aa","/js/chunk-7cc20ea8.b83d63c2.js.map":"8609669424743eac134c860f75bdb63c6934af99531affb9cde345362fd9a94c","/js/chunk-966a23ee.20f1119a.js":"ee3beb6c68cee3dc8f35a356af8c782173b314c9f1d67f273b5a2ca69b88214a","/fonts/fa-regular-400.dddf7b2c.ttf":"fd27a36960648bcd468e8b763f45c4192506b43fce8dcbb7d9d57ff919f8788b","/fonts/Simple-Line-Icons.6ac7320f.woff2":"07d71dbaaa971b64be9dd1ed70849a0a5fde1bae605269db49f9fc993d8dd6ff","/fonts/Simple-Line-Icons.0bbfc705.woff":"f402747bcf144fa54036c4d1b3efd4950de44e9810e2a8a39cc98d892e9935ab","/fonts/Simple-Line-Icons.b2892aa6.ttf":"fc7ba6211f03f85211f33e4efb5548f81463a55917291a22d850615397e227ba","/css/app.b97b90ef.css":"6990fa701f2eb87adbe9afbea80d8eef3e28c820c700e29c65cd8e377d9c02df","/fonts/Simple-Line-Icons.dacd16c9.eot":"20e79c1018fa89ff386be10f34dd341b33ff8bc036aea2b7734dfaf4eac5a0ad","/js/chunk-51bdec5c.f460eae0.js.map":"bf409c1f9a1c77b2ef8c0fdc7c24cfa3d2ce13ba49b254f6714d0a6bb1be7dec","/fonts/fa-solid-900.9f3c8f80.woff2":"e789d7a368538830dc74d20f9582c37f2f0da911d55cd0698bc008fc6b5613df","/fonts/themify.a1ecc3b8.woff":"98ca9fba42fff09205fb647db9bbcda5544ac4e8c769cbd5cf5c4c993f515cbb","/fonts/fa-brands-400.4019e2ef.woff2":"f9f2bc11f412336a01563ec7dcee489b136113ce87480be41f58338c82b0b864","/fonts/fa-solid-900.7960713e.woff":"41770db9f648a0588119bafb7fad8609c36eeafb371dedbf79ad7ff978a755de","/fonts/themify.2c454669.eot":"c10bddb576ee4b75dc9893c46a5fc83bd2461acc7fafaddcfa992c006bc7b130","/fonts/fa-brands-400.0d215870.woff":"754c7afe8486810e584da7c76a6e6a61a1cc708ce8e976db18ff04697505a81e","/js/chunk-966a23ee.20f1119a.js.map":"3a2c7e6f8f0ca00e78d7c287007477a14e05438b5e266a5a4817c7a15462c982","/img/fa-regular-400.c794369e.svg":"3d91516b3f8246f0bcca1019c8822058e79a19e85ec544991a92d758dbc01a8d","/fonts/themify.e23a7dca.ttf":"a1aaaad5f1acf4ea26243be01dd5b32104016a3fe634a2b9790fdebfe2c4b932","/fonts/fa-brands-400.913334b2.ttf":"7f419ae5f9a08a0226cb7b2e67b0010e06f6b15bacd1a784e22187f424d70d9f","/fonts/fa-brands-400.b680adba.eot":"312978cd86641ff572f65c4a098465716edd5086fc8cc958804e0be5b2295ce5","/fonts/fa-solid-900.0d995a14.ttf":"bc97125f2e68f52ee4d236b332152cd4235d7f3bd6bb319fccf0f4fd68b12a2d","/fonts/fa-solid-900.4cb8ea72.eot":"d992381c37d8a7aec84075711241e227378d0a72ef1f9fc3094223b50217d00c","/js/chunk-bcd546e4.f57d74e4.js":"f7e8d5a7816c63ca7f21e756df37a6a6a7db4fa617d77482b23d7766641e4f72","/js/chunk-ed3249be.35d4505e.js":"ba11f8a47ec5fb5804667bda0d8de28bdfff9ef7a40f89899cb65ea9a8a20943","/css/chunk-vendors.7eac08eb.css":"50901e674809b5350897285562d2acd97b7644dd8e7eaa45f902b78ff5097e5a","/img/Simple-Line-Icons.de8ad55b.svg":"d29c3e940a8df42efbb15b44734a543dc05a6901dc468d492bae52d01c74c28a","/img/themify.cba68f98.svg":"5ab25a18bae6ead63964470f7c83a84859b1699d09be06e5bf85735c40695ec9","/js/chunk-ed3249be.35d4505e.js.map":"5e1ce78e1226733f565475c5a8a9ec233341db33a9b9e5937ea99c8d75fd9ceb","/js/chunk-bcd546e4.f57d74e4.js.map":"9f7fc98fa581d7a2038e7cc83f5cbb52c8fd445da64a6763db4686be90b94e82","/img/fa-solid-900.3997dfc8.svg":"b23f17124b00433c23a7e73ea32c463151a44b18161d4cf3d78e5dfb296c0d37","/css/chunk-1de27322.170ad66a.css":"be05ccde026d23f540c689cbf21c01831e116dd67a641a292c6ff3e99962a8db","/js/chunk-vendors.4cc4a294.js":"fc76a0c7ecd02bac75891196694078fc3576a5fb148864a0ba76765546d99937","/img/fa-brands-400.071852ed.svg":"0bbb269b45b1a73ec37a0958f5abdf88b1d0a4c123f994819ffc085a7bd15808","/js/chunk-1de27322.9177fb0c.js":"45b0bf14055d2eaac0761c88e9c4b0224865994053d251dc2b68ead037733a25","/js/chunk-vendors.4cc4a294.js.map":"4dc95f32f31705461b9ead384cd0a5d49e7aa4370a37ce32fe25b0e4cc373f01","/js/chunk-1de27322.9177fb0c.js.map":"75f5eb90b0c9186c6e3e023454fc6680e2774a9b0f17a5347d791ec7458605f0"}}
[debug] [2021-07-11T15:25:51.907Z] <<< [apiv2][status] POST https://firebasehosting.googleapis.com/v1beta1/sites/todo-620fd/versions/57d9c8d6b1d4a16d:populateFiles 200
[debug] [2021-07-11T15:25:51.907Z] <<< [apiv2][body] POST https://firebasehosting.googleapis.com/v1beta1/sites/todo-620fd/versions/57d9c8d6b1d4a16d:populateFiles {"uploadRequiredHashes":["7134487d4e755d9fa10c7bcb348f3f0213b24a40469a5281e9dbc6fad77b2bb1","76e419fee9350ed628b1951dab2ec227781d13bee7263fce9563686de07072aa","45b0bf14055d2eaac0761c88e9c4b0224865994053d251dc2b68ead037733a25","be05ccde026d23f540c689cbf21c01831e116dd67a641a292c6ff3e99962a8db","8609669424743eac134c860f75bdb63c6934af99531affb9cde345362fd9a94c","4dc95f32f31705461b9ead384cd0a5d49e7aa4370a37ce32fe25b0e4cc373f01","ee3beb6c68cee3dc8f35a356af8c782173b314c9f1d67f273b5a2ca69b88214a","f7e8d5a7816c63ca7f21e756df37a6a6a7db4fa617d77482b23d7766641e4f72","6990fa701f2eb87adbe9afbea80d8eef3e28c820c700e29c65cd8e377d9c02df","50901e674809b5350897285562d2acd97b7644dd8e7eaa45f902b78ff5097e5a","55f3c2a61bedaf61b1290a5ad741127c2fb5705729b420b1a362e61da90c8a1b","b00fc006c9ce5823961576a5638c82cb45b3eea9aed0cd486e26fcce072cb42f","e9072e84388d7beb1d68bd7f38dae7e8b25afb8ad011bb576a1f49764940a81a","6eecbad09a2e0c356776b0eb45fc8df876c3adf928df9f4a62bc003f954a7c13","3a2c7e6f8f0ca00e78d7c287007477a14e05438b5e266a5a4817c7a15462c982","5e1ce78e1226733f565475c5a8a9ec233341db33a9b9e5937ea99c8d75fd9ceb","bf409c1f9a1c77b2ef8c0fdc7c24cfa3d2ce13ba49b254f6714d0a6bb1be7dec","2ac361a5a8f3a47269d48d37dd498682da37b69cf01a4749647e668810b8b092","26dc8526783398aab6c0683781c0cd6dcca8e5d4e09b6d3eda7cb4cf3286864f","05106ee2df90f511e2d1de176f27300e683073dcf84a1d01b0d740c0563460bc","75f5eb90b0c9186c6e3e023454fc6680e2774a9b0f17a5347d791ec7458605f0","fc76a0c7ecd02bac75891196694078fc3576a5fb148864a0ba76765546d99937","ba11f8a47ec5fb5804667bda0d8de28bdfff9ef7a40f89899cb65ea9a8a20943","9f7fc98fa581d7a2038e7cc83f5cbb52c8fd445da64a6763db4686be90b94e82","89938e891ccee483f57a5c0c214355a58f6d35055019f3f881f1f566c315ade9"],"uploadUrl":"https://upload-firebasehosting.googleapis.com/upload/sites/todo-620fd/versions/57d9c8d6b1d4a16d/files"}
[debug] [2021-07-11T15:25:51.920Z] >>> [apiv2][query] POST https://upload-firebasehosting.googleapis.com/upload/sites/todo-620fd/versions/57d9c8d6b1d4a16d/files/7134487d4e755d9fa10c7bcb348f3f0213b24a40469a5281e9dbc6fad77b2bb1 [none]
[debug] [2021-07-11T15:25:51.920Z] >>> [apiv2][body] POST https://upload-firebasehosting.googleapis.com/upload/sites/todo-620fd/versions/57d9c8d6b1d4a16d/files/7134487d4e755d9fa10c7bcb348f3f0213b24a40469a5281e9dbc6fad77b2bb1 [stream]
[debug] [2021-07-11T15:25:51.922Z] >>> [apiv2][query] POST https://upload-firebasehosting.googleapis.com/upload/sites/todo-620fd/versions/57d9c8d6b1d4a16d/files/76e419fee9350ed628b1951dab2ec227781d13bee7263fce9563686de07072aa [none]
[debug] [2021-07-11T15:25:51.922Z] >>> [apiv2][body] POST https://upload-firebasehosting.googleapis.com/upload/sites/todo-620fd/versions/57d9c8d6b1d4a16d/files/76e419fee9350ed628b1951dab2ec227781d13bee7263fce9563686de07072aa [stream]
[debug] [2021-07-11T15:25:51.923Z] >>> [apiv2][query] POST https://upload-firebasehosting.googleapis.com/upload/sites/todo-620fd/versions/57d9c8d6b1d4a16d/files/45b0bf14055d2eaac0761c88e9c4b0224865994053d251dc2b68ead037733a25 [none]
[debug] [2021-07-11T15:25:51.924Z] >>> [apiv2][body] POST https://upload-firebasehosting.googleapis.com/upload/sites/todo-620fd/versions/57d9c8d6b1d4a16d/files/45b0bf14055d2eaac0761c88e9c4b0224865994053d251dc2b68ead037733a25 [stream]
[debug] [2021-07-11T15:25:51.925Z] >>> [apiv2][query] POST https://upload-firebasehosting.googleapis.com/upload/sites/todo-620fd/versions/57d9c8d6b1d4a16d/files/be05ccde026d23f540c689cbf21c01831e116dd67a641a292c6ff3e99962a8db [none]
[debug] [2021-07-11T15:25:51.925Z] >>> [apiv2][body] POST https://upload-firebasehosting.googleapis.com/upload/sites/todo-620fd/versions/57d9c8d6b1d4a16d/files/be05ccde026d23f540c689cbf21c01831e116dd67a641a292c6ff3e99962a8db [stream]
[debug] [2021-07-11T15:25:51.926Z] >>> [apiv2][query] POST https://upload-firebasehosting.googleapis.com/upload/sites/todo-620fd/versions/57d9c8d6b1d4a16d/files/8609669424743eac134c860f75bdb63c6934af99531affb9cde345362fd9a94c [none]
[debug] [2021-07-11T15:25:51.926Z] >>> [apiv2][body] POST https://upload-firebasehosting.googleapis.com/upload/sites/todo-620fd/versions/57d9c8d6b1d4a16d/files/8609669424743eac134c860f75bdb63c6934af99531affb9cde345362fd9a94c [stream]
[debug] [2021-07-11T15:25:51.927Z] >>> [apiv2][query] POST https://upload-firebasehosting.googleapis.com/upload/sites/todo-620fd/versions/57d9c8d6b1d4a16d/files/4dc95f32f31705461b9ead384cd0a5d49e7aa4370a37ce32fe25b0e4cc373f01 [none]
[debug] [2021-07-11T15:25:51.927Z] >>> [apiv2][body] POST https://upload-firebasehosting.googleapis.com/upload/sites/todo-620fd/versions/57d9c8d6b1d4a16d/files/4dc95f32f31705461b9ead384cd0a5d49e7aa4370a37ce32fe25b0e4cc373f01 [stream]
[debug] [2021-07-11T15:25:51.928Z] >>> [apiv2][query] POST https://upload-firebasehosting.googleapis.com/upload/sites/todo-620fd/versions/57d9c8d6b1d4a16d/files/ee3beb6c68cee3dc8f35a356af8c782173b314c9f1d67f273b5a2ca69b88214a [none]
[debug] [2021-07-11T15:25:51.928Z] >>> [apiv2][body] POST https://upload-firebasehosting.googleapis.com/upload/sites/todo-620fd/versions/57d9c8d6b1d4a16d/files/ee3beb6c68cee3dc8f35a356af8c782173b314c9f1d67f273b5a2ca69b88214a [stream]
[debug] [2021-07-11T15:25:51.930Z] >>> [apiv2][query] POST https://upload-firebasehosting.googleapis.com/upload/sites/todo-620fd/versions/57d9c8d6b1d4a16d/files/f7e8d5a7816c63ca7f21e756df37a6a6a7db4fa617d77482b23d7766641e4f72 [none]
[debug] [2021-07-11T15:25:51.930Z] >>> [apiv2][body] POST https://upload-firebasehosting.googleapis.com/upload/sites/todo-620fd/versions/57d9c8d6b1d4a16d/files/f7e8d5a7816c63ca7f21e756df37a6a6a7db4fa617d77482b23d7766641e4f72 [stream]
[debug] [2021-07-11T15:25:51.931Z] >>> [apiv2][query] POST https://upload-firebasehosting.googleapis.com/upload/sites/todo-620fd/versions/57d9c8d6b1d4a16d/files/6990fa701f2eb87adbe9afbea80d8eef3e28c820c700e29c65cd8e377d9c02df [none]
[debug] [2021-07-11T15:25:51.931Z] >>> [apiv2][body] POST https://upload-firebasehosting.googleapis.com/upload/sites/todo-620fd/versions/57d9c8d6b1d4a16d/files/6990fa701f2eb87adbe9afbea80d8eef3e28c820c700e29c65cd8e377d9c02df [stream]
[debug] [2021-07-11T15:25:51.934Z] >>> [apiv2][query] POST https://upload-firebasehosting.googleapis.com/upload/sites/todo-620fd/versions/57d9c8d6b1d4a16d/files/50901e674809b5350897285562d2acd97b7644dd8e7eaa45f902b78ff5097e5a [none]
[debug] [2021-07-11T15:25:51.934Z] >>> [apiv2][body] POST https://upload-firebasehosting.googleapis.com/upload/sites/todo-620fd/versions/57d9c8d6b1d4a16d/files/50901e674809b5350897285562d2acd97b7644dd8e7eaa45f902b78ff5097e5a [stream]
[debug] [2021-07-11T15:25:51.935Z] >>> [apiv2][query] POST https://upload-firebasehosting.googleapis.com/upload/sites/todo-620fd/versions/57d9c8d6b1d4a16d/files/55f3c2a61bedaf61b1290a5ad741127c2fb5705729b420b1a362e61da90c8a1b [none]
[debug] [2021-07-11T15:25:51.935Z] >>> [apiv2][body] POST https://upload-firebasehosting.googleapis.com/upload/sites/todo-620fd/versions/57d9c8d6b1d4a16d/files/55f3c2a61bedaf61b1290a5ad741127c2fb5705729b420b1a362e61da90c8a1b [stream]
[debug] [2021-07-11T15:25:51.938Z] >>> [apiv2][query] POST https://upload-firebasehosting.googleapis.com/upload/sites/todo-620fd/versions/57d9c8d6b1d4a16d/files/b00fc006c9ce5823961576a5638c82cb45b3eea9aed0cd486e26fcce072cb42f [none]
[debug] [2021-07-11T15:25:51.938Z] >>> [apiv2][body] POST https://upload-firebasehosting.googleapis.com/upload/sites/todo-620fd/versions/57d9c8d6b1d4a16d/files/b00fc006c9ce5823961576a5638c82cb45b3eea9aed0cd486e26fcce072cb42f [stream]
[debug] [2021-07-11T15:25:51.939Z] >>> [apiv2][query] POST https://upload-firebasehosting.googleapis.com/upload/sites/todo-620fd/versions/57d9c8d6b1d4a16d/files/e9072e84388d7beb1d68bd7f38dae7e8b25afb8ad011bb576a1f49764940a81a [none]
[debug] [2021-07-11T15:25:51.939Z] >>> [apiv2][body] POST https://upload-firebasehosting.googleapis.com/upload/sites/todo-620fd/versions/57d9c8d6b1d4a16d/files/e9072e84388d7beb1d68bd7f38dae7e8b25afb8ad011bb576a1f49764940a81a [stream]
[debug] [2021-07-11T15:25:51.940Z] >>> [apiv2][query] POST https://upload-firebasehosting.googleapis.com/upload/sites/todo-620fd/versions/57d9c8d6b1d4a16d/files/6eecbad09a2e0c356776b0eb45fc8df876c3adf928df9f4a62bc003f954a7c13 [none]
[debug] [2021-07-11T15:25:51.940Z] >>> [apiv2][body] POST https://upload-firebasehosting.googleapis.com/upload/sites/todo-620fd/versions/57d9c8d6b1d4a16d/files/6eecbad09a2e0c356776b0eb45fc8df876c3adf928df9f4a62bc003f954a7c13 [stream]
[debug] [2021-07-11T15:25:51.941Z] >>> [apiv2][query] POST https://upload-firebasehosting.googleapis.com/upload/sites/todo-620fd/versions/57d9c8d6b1d4a16d/files/3a2c7e6f8f0ca00e78d7c287007477a14e05438b5e266a5a4817c7a15462c982 [none]
[debug] [2021-07-11T15:25:51.941Z] >>> [apiv2][body] POST https://upload-firebasehosting.googleapis.com/upload/sites/todo-620fd/versions/57d9c8d6b1d4a16d/files/3a2c7e6f8f0ca00e78d7c287007477a14e05438b5e266a5a4817c7a15462c982 [stream]
[debug] [2021-07-11T15:25:51.942Z] >>> [apiv2][query] POST https://upload-firebasehosting.googleapis.com/upload/sites/todo-620fd/versions/57d9c8d6b1d4a16d/files/5e1ce78e1226733f565475c5a8a9ec233341db33a9b9e5937ea99c8d75fd9ceb [none]
[debug] [2021-07-11T15:25:51.942Z] >>> [apiv2][body] POST https://upload-firebasehosting.googleapis.com/upload/sites/todo-620fd/versions/57d9c8d6b1d4a16d/files/5e1ce78e1226733f565475c5a8a9ec233341db33a9b9e5937ea99c8d75fd9ceb [stream]
[debug] [2021-07-11T15:25:51.943Z] >>> [apiv2][query] POST https://upload-firebasehosting.googleapis.com/upload/sites/todo-620fd/versions/57d9c8d6b1d4a16d/files/bf409c1f9a1c77b2ef8c0fdc7c24cfa3d2ce13ba49b254f6714d0a6bb1be7dec [none]
[debug] [2021-07-11T15:25:51.943Z] >>> [apiv2][body] POST https://upload-firebasehosting.googleapis.com/upload/sites/todo-620fd/versions/57d9c8d6b1d4a16d/files/bf409c1f9a1c77b2ef8c0fdc7c24cfa3d2ce13ba49b254f6714d0a6bb1be7dec [stream]
[debug] [2021-07-11T15:25:51.944Z] >>> [apiv2][query] POST https://upload-firebasehosting.googleapis.com/upload/sites/todo-620fd/versions/57d9c8d6b1d4a16d/files/2ac361a5a8f3a47269d48d37dd498682da37b69cf01a4749647e668810b8b092 [none]
[debug] [2021-07-11T15:25:51.944Z] >>> [apiv2][body] POST https://upload-firebasehosting.googleapis.com/upload/sites/todo-620fd/versions/57d9c8d6b1d4a16d/files/2ac361a5a8f3a47269d48d37dd498682da37b69cf01a4749647e668810b8b092 [stream]
[debug] [2021-07-11T15:25:51.946Z] >>> [apiv2][query] POST https://upload-firebasehosting.googleapis.com/upload/sites/todo-620fd/versions/57d9c8d6b1d4a16d/files/26dc8526783398aab6c0683781c0cd6dcca8e5d4e09b6d3eda7cb4cf3286864f [none]
[debug] [2021-07-11T15:25:51.946Z] >>> [apiv2][body] POST https://upload-firebasehosting.googleapis.com/upload/sites/todo-620fd/versions/57d9c8d6b1d4a16d/files/26dc8526783398aab6c0683781c0cd6dcca8e5d4e09b6d3eda7cb4cf3286864f [stream]
[debug] [2021-07-11T15:25:51.947Z] >>> [apiv2][query] POST https://upload-firebasehosting.googleapis.com/upload/sites/todo-620fd/versions/57d9c8d6b1d4a16d/files/05106ee2df90f511e2d1de176f27300e683073dcf84a1d01b0d740c0563460bc [none]
[debug] [2021-07-11T15:25:51.947Z] >>> [apiv2][body] POST https://upload-firebasehosting.googleapis.com/upload/sites/todo-620fd/versions/57d9c8d6b1d4a16d/files/05106ee2df90f511e2d1de176f27300e683073dcf84a1d01b0d740c0563460bc [stream]
[debug] [2021-07-11T15:25:51.949Z] >>> [apiv2][query] POST https://upload-firebasehosting.googleapis.com/upload/sites/todo-620fd/versions/57d9c8d6b1d4a16d/files/75f5eb90b0c9186c6e3e023454fc6680e2774a9b0f17a5347d791ec7458605f0 [none]
[debug] [2021-07-11T15:25:51.949Z] >>> [apiv2][body] POST https://upload-firebasehosting.googleapis.com/upload/sites/todo-620fd/versions/57d9c8d6b1d4a16d/files/75f5eb90b0c9186c6e3e023454fc6680e2774a9b0f17a5347d791ec7458605f0 [stream]
[debug] [2021-07-11T15:25:51.950Z] >>> [apiv2][query] POST https://upload-firebasehosting.googleapis.com/upload/sites/todo-620fd/versions/57d9c8d6b1d4a16d/files/fc76a0c7ecd02bac75891196694078fc3576a5fb148864a0ba76765546d99937 [none]
[debug] [2021-07-11T15:25:51.950Z] >>> [apiv2][body] POST https://upload-firebasehosting.googleapis.com/upload/sites/todo-620fd/versions/57d9c8d6b1d4a16d/files/fc76a0c7ecd02bac75891196694078fc3576a5fb148864a0ba76765546d99937 [stream]
[debug] [2021-07-11T15:25:51.952Z] >>> [apiv2][query] POST https://upload-firebasehosting.googleapis.com/upload/sites/todo-620fd/versions/57d9c8d6b1d4a16d/files/ba11f8a47ec5fb5804667bda0d8de28bdfff9ef7a40f89899cb65ea9a8a20943 [none]
[debug] [2021-07-11T15:25:51.952Z] >>> [apiv2][body] POST https://upload-firebasehosting.googleapis.com/upload/sites/todo-620fd/versions/57d9c8d6b1d4a16d/files/ba11f8a47ec5fb5804667bda0d8de28bdfff9ef7a40f89899cb65ea9a8a20943 [stream]
[debug] [2021-07-11T15:25:51.954Z] >>> [apiv2][query] POST https://upload-firebasehosting.googleapis.com/upload/sites/todo-620fd/versions/57d9c8d6b1d4a16d/files/9f7fc98fa581d7a2038e7cc83f5cbb52c8fd445da64a6763db4686be90b94e82 [none]
[debug] [2021-07-11T15:25:51.954Z] >>> [apiv2][body] POST https://upload-firebasehosting.googleapis.com/upload/sites/todo-620fd/versions/57d9c8d6b1d4a16d/files/9f7fc98fa581d7a2038e7cc83f5cbb52c8fd445da64a6763db4686be90b94e82 [stream]
[debug] [2021-07-11T15:25:51.955Z] >>> [apiv2][query] POST https://upload-firebasehosting.googleapis.com/upload/sites/todo-620fd/versions/57d9c8d6b1d4a16d/files/89938e891ccee483f57a5c0c214355a58f6d35055019f3f881f1f566c315ade9 [none]
[debug] [2021-07-11T15:25:51.955Z] >>> [apiv2][body] POST https://upload-firebasehosting.googleapis.com/upload/sites/todo-620fd/versions/57d9c8d6b1d4a16d/files/89938e891ccee483f57a5c0c214355a58f6d35055019f3f881f1f566c315ade9 [stream]
[debug] [2021-07-11T15:25:51.956Z] [hosting][populate queue][FINAL] {"max":1722,"min":1722,"avg":1722,"active":0,"complete":1,"success":1,"errored":0,"retried":0,"total":1,"elapsed":1758}
[debug] [2021-07-11T15:25:51.956Z] [hosting] uploads queued: 25
[debug] [2021-07-11T15:25:53.585Z] <<< [apiv2][status] POST https://upload-firebasehosting.googleapis.com/upload/sites/todo-620fd/versions/57d9c8d6b1d4a16d/files/76e419fee9350ed628b1951dab2ec227781d13bee7263fce9563686de07072aa 200
[debug] [2021-07-11T15:25:53.586Z] <<< [apiv2][body] POST https://upload-firebasehosting.googleapis.com/upload/sites/todo-620fd/versions/57d9c8d6b1d4a16d/files/76e419fee9350ed628b1951dab2ec227781d13bee7263fce9563686de07072aa [stream]
[debug] [2021-07-11T15:25:53.717Z] <<< [apiv2][status] POST https://upload-firebasehosting.googleapis.com/upload/sites/todo-620fd/versions/57d9c8d6b1d4a16d/files/55f3c2a61bedaf61b1290a5ad741127c2fb5705729b420b1a362e61da90c8a1b 200
[debug] [2021-07-11T15:25:53.718Z] <<< [apiv2][body] POST https://upload-firebasehosting.googleapis.com/upload/sites/todo-620fd/versions/57d9c8d6b1d4a16d/files/55f3c2a61bedaf61b1290a5ad741127c2fb5705729b420b1a362e61da90c8a1b [stream]
[debug] [2021-07-11T15:25:53.826Z] <<< [apiv2][status] POST https://upload-firebasehosting.googleapis.com/upload/sites/todo-620fd/versions/57d9c8d6b1d4a16d/files/8609669424743eac134c860f75bdb63c6934af99531affb9cde345362fd9a94c 200
[debug] [2021-07-11T15:25:53.827Z] <<< [apiv2][body] POST https://upload-firebasehosting.googleapis.com/upload/sites/todo-620fd/versions/57d9c8d6b1d4a16d/files/8609669424743eac134c860f75bdb63c6934af99531affb9cde345362fd9a94c [stream]
[debug] [2021-07-11T15:25:53.902Z] <<< [apiv2][status] POST https://upload-firebasehosting.googleapis.com/upload/sites/todo-620fd/versions/57d9c8d6b1d4a16d/files/f7e8d5a7816c63ca7f21e756df37a6a6a7db4fa617d77482b23d7766641e4f72 200
[debug] [2021-07-11T15:25:53.902Z] <<< [apiv2][body] POST https://upload-firebasehosting.googleapis.com/upload/sites/todo-620fd/versions/57d9c8d6b1d4a16d/files/f7e8d5a7816c63ca7f21e756df37a6a6a7db4fa617d77482b23d7766641e4f72 [stream]
[debug] [2021-07-11T15:25:53.949Z] <<< [apiv2][status] POST https://upload-firebasehosting.googleapis.com/upload/sites/todo-620fd/versions/57d9c8d6b1d4a16d/files/6990fa701f2eb87adbe9afbea80d8eef3e28c820c700e29c65cd8e377d9c02df 200
[debug] [2021-07-11T15:25:53.949Z] <<< [apiv2][body] POST https://upload-firebasehosting.googleapis.com/upload/sites/todo-620fd/versions/57d9c8d6b1d4a16d/files/6990fa701f2eb87adbe9afbea80d8eef3e28c820c700e29c65cd8e377d9c02df [stream]
[debug] [2021-07-11T15:25:54.104Z] <<< [apiv2][status] POST https://upload-firebasehosting.googleapis.com/upload/sites/todo-620fd/versions/57d9c8d6b1d4a16d/files/e9072e84388d7beb1d68bd7f38dae7e8b25afb8ad011bb576a1f49764940a81a 200
[debug] [2021-07-11T15:25:54.105Z] <<< [apiv2][body] POST https://upload-firebasehosting.googleapis.com/upload/sites/todo-620fd/versions/57d9c8d6b1d4a16d/files/e9072e84388d7beb1d68bd7f38dae7e8b25afb8ad011bb576a1f49764940a81a [stream]
[debug] [2021-07-11T15:25:54.179Z] <<< [apiv2][status] POST https://upload-firebasehosting.googleapis.com/upload/sites/todo-620fd/versions/57d9c8d6b1d4a16d/files/7134487d4e755d9fa10c7bcb348f3f0213b24a40469a5281e9dbc6fad77b2bb1 200
[debug] [2021-07-11T15:25:54.180Z] <<< [apiv2][body] POST https://upload-firebasehosting.googleapis.com/upload/sites/todo-620fd/versions/57d9c8d6b1d4a16d/files/7134487d4e755d9fa10c7bcb348f3f0213b24a40469a5281e9dbc6fad77b2bb1 [stream]
[debug] [2021-07-11T15:25:54.367Z] <<< [apiv2][status] POST https://upload-firebasehosting.googleapis.com/upload/sites/todo-620fd/versions/57d9c8d6b1d4a16d/files/be05ccde026d23f540c689cbf21c01831e116dd67a641a292c6ff3e99962a8db 200
[debug] [2021-07-11T15:25:54.368Z] <<< [apiv2][body] POST https://upload-firebasehosting.googleapis.com/upload/sites/todo-620fd/versions/57d9c8d6b1d4a16d/files/be05ccde026d23f540c689cbf21c01831e116dd67a641a292c6ff3e99962a8db [stream]
[debug] [2021-07-11T15:25:54.454Z] <<< [apiv2][status] POST https://upload-firebasehosting.googleapis.com/upload/sites/todo-620fd/versions/57d9c8d6b1d4a16d/files/ee3beb6c68cee3dc8f35a356af8c782173b314c9f1d67f273b5a2ca69b88214a 200
[debug] [2021-07-11T15:25:54.454Z] <<< [apiv2][body] POST https://upload-firebasehosting.googleapis.com/upload/sites/todo-620fd/versions/57d9c8d6b1d4a16d/files/ee3beb6c68cee3dc8f35a356af8c782173b314c9f1d67f273b5a2ca69b88214a [stream]
[debug] [2021-07-11T15:25:54.646Z] <<< [apiv2][status] POST https://upload-firebasehosting.googleapis.com/upload/sites/todo-620fd/versions/57d9c8d6b1d4a16d/files/3a2c7e6f8f0ca00e78d7c287007477a14e05438b5e266a5a4817c7a15462c982 200
[debug] [2021-07-11T15:25:54.646Z] <<< [apiv2][body] POST https://upload-firebasehosting.googleapis.com/upload/sites/todo-620fd/versions/57d9c8d6b1d4a16d/files/3a2c7e6f8f0ca00e78d7c287007477a14e05438b5e266a5a4817c7a15462c982 [stream]
[debug] [2021-07-11T15:25:54.824Z] <<< [apiv2][status] POST https://upload-firebasehosting.googleapis.com/upload/sites/todo-620fd/versions/57d9c8d6b1d4a16d/files/05106ee2df90f511e2d1de176f27300e683073dcf84a1d01b0d740c0563460bc 200
[debug] [2021-07-11T15:25:54.825Z] <<< [apiv2][body] POST https://upload-firebasehosting.googleapis.com/upload/sites/todo-620fd/versions/57d9c8d6b1d4a16d/files/05106ee2df90f511e2d1de176f27300e683073dcf84a1d01b0d740c0563460bc [stream]
[debug] [2021-07-11T15:25:55.036Z] <<< [apiv2][status] POST https://upload-firebasehosting.googleapis.com/upload/sites/todo-620fd/versions/57d9c8d6b1d4a16d/files/6eecbad09a2e0c356776b0eb45fc8df876c3adf928df9f4a62bc003f954a7c13 200
[debug] [2021-07-11T15:25:55.036Z] <<< [apiv2][body] POST https://upload-firebasehosting.googleapis.com/upload/sites/todo-620fd/versions/57d9c8d6b1d4a16d/files/6eecbad09a2e0c356776b0eb45fc8df876c3adf928df9f4a62bc003f954a7c13 [stream]
[debug] [2021-07-11T15:25:55.050Z] <<< [apiv2][status] POST https://upload-firebasehosting.googleapis.com/upload/sites/todo-620fd/versions/57d9c8d6b1d4a16d/files/2ac361a5a8f3a47269d48d37dd498682da37b69cf01a4749647e668810b8b092 200
[debug] [2021-07-11T15:25:55.051Z] <<< [apiv2][body] POST https://upload-firebasehosting.googleapis.com/upload/sites/todo-620fd/versions/57d9c8d6b1d4a16d/files/2ac361a5a8f3a47269d48d37dd498682da37b69cf01a4749647e668810b8b092 [stream]
[debug] [2021-07-11T15:25:55.132Z] <<< [apiv2][status] POST https://upload-firebasehosting.googleapis.com/upload/sites/todo-620fd/versions/57d9c8d6b1d4a16d/files/45b0bf14055d2eaac0761c88e9c4b0224865994053d251dc2b68ead037733a25 200
[debug] [2021-07-11T15:25:55.132Z] <<< [apiv2][body] POST https://upload-firebasehosting.googleapis.com/upload/sites/todo-620fd/versions/57d9c8d6b1d4a16d/files/45b0bf14055d2eaac0761c88e9c4b0224865994053d251dc2b68ead037733a25 [stream]
[debug] [2021-07-11T15:25:55.154Z] <<< [apiv2][status] POST https://upload-firebasehosting.googleapis.com/upload/sites/todo-620fd/versions/57d9c8d6b1d4a16d/files/50901e674809b5350897285562d2acd97b7644dd8e7eaa45f902b78ff5097e5a 200
[debug] [2021-07-11T15:25:55.154Z] <<< [apiv2][body] POST https://upload-firebasehosting.googleapis.com/upload/sites/todo-620fd/versions/57d9c8d6b1d4a16d/files/50901e674809b5350897285562d2acd97b7644dd8e7eaa45f902b78ff5097e5a [stream]
[debug] [2021-07-11T15:25:55.154Z] <<< [apiv2][status] POST https://upload-firebasehosting.googleapis.com/upload/sites/todo-620fd/versions/57d9c8d6b1d4a16d/files/bf409c1f9a1c77b2ef8c0fdc7c24cfa3d2ce13ba49b254f6714d0a6bb1be7dec 200
[debug] [2021-07-11T15:25:55.154Z] <<< [apiv2][body] POST https://upload-firebasehosting.googleapis.com/upload/sites/todo-620fd/versions/57d9c8d6b1d4a16d/files/bf409c1f9a1c77b2ef8c0fdc7c24cfa3d2ce13ba49b254f6714d0a6bb1be7dec [stream]
[debug] [2021-07-11T15:25:55.204Z] <<< [apiv2][status] POST https://upload-firebasehosting.googleapis.com/upload/sites/todo-620fd/versions/57d9c8d6b1d4a16d/files/ba11f8a47ec5fb5804667bda0d8de28bdfff9ef7a40f89899cb65ea9a8a20943 200
[debug] [2021-07-11T15:25:55.204Z] <<< [apiv2][body] POST https://upload-firebasehosting.googleapis.com/upload/sites/todo-620fd/versions/57d9c8d6b1d4a16d/files/ba11f8a47ec5fb5804667bda0d8de28bdfff9ef7a40f89899cb65ea9a8a20943 [stream]
[debug] [2021-07-11T15:25:55.344Z] <<< [apiv2][status] POST https://upload-firebasehosting.googleapis.com/upload/sites/todo-620fd/versions/57d9c8d6b1d4a16d/files/89938e891ccee483f57a5c0c214355a58f6d35055019f3f881f1f566c315ade9 200
[debug] [2021-07-11T15:25:55.344Z] <<< [apiv2][body] POST https://upload-firebasehosting.googleapis.com/upload/sites/todo-620fd/versions/57d9c8d6b1d4a16d/files/89938e891ccee483f57a5c0c214355a58f6d35055019f3f881f1f566c315ade9 [stream]
[debug] [2021-07-11T15:25:55.642Z] <<< [apiv2][status] POST https://upload-firebasehosting.googleapis.com/upload/sites/todo-620fd/versions/57d9c8d6b1d4a16d/files/5e1ce78e1226733f565475c5a8a9ec233341db33a9b9e5937ea99c8d75fd9ceb 200
[debug] [2021-07-11T15:25:55.642Z] <<< [apiv2][body] POST https://upload-firebasehosting.googleapis.com/upload/sites/todo-620fd/versions/57d9c8d6b1d4a16d/files/5e1ce78e1226733f565475c5a8a9ec233341db33a9b9e5937ea99c8d75fd9ceb [stream]
[debug] [2021-07-11T15:25:55.859Z] <<< [apiv2][status] POST https://upload-firebasehosting.googleapis.com/upload/sites/todo-620fd/versions/57d9c8d6b1d4a16d/files/26dc8526783398aab6c0683781c0cd6dcca8e5d4e09b6d3eda7cb4cf3286864f 200
[debug] [2021-07-11T15:25:55.859Z] <<< [apiv2][body] POST https://upload-firebasehosting.googleapis.com/upload/sites/todo-620fd/versions/57d9c8d6b1d4a16d/files/26dc8526783398aab6c0683781c0cd6dcca8e5d4e09b6d3eda7cb4cf3286864f [stream]
[debug] [2021-07-11T15:25:55.912Z] <<< [apiv2][status] POST https://upload-firebasehosting.googleapis.com/upload/sites/todo-620fd/versions/57d9c8d6b1d4a16d/files/4dc95f32f31705461b9ead384cd0a5d49e7aa4370a37ce32fe25b0e4cc373f01 200
[debug] [2021-07-11T15:25:55.912Z] <<< [apiv2][body] POST https://upload-firebasehosting.googleapis.com/upload/sites/todo-620fd/versions/57d9c8d6b1d4a16d/files/4dc95f32f31705461b9ead384cd0a5d49e7aa4370a37ce32fe25b0e4cc373f01 [stream]
